<?xml version="1.0" encoding="UTF-8"?>
<!-- Generated by org.testng.reporters.JUnitXMLReporter -->
<testsuite hostname="EQ-EQ6280864" ignored="1" name="Default test(failed)" tests="2" failures="0" timestamp="19 Feb 2019 15:29:52 GMT" time="0.042" errors="0">
  <testcase name="test3" time="0.011" classname="retry_fail_cases.TestNGRetryFailDemo"/>
  <testcase name="test2" time="0.002" classname="retry_fail_cases.TestNGRetryFailDemo"/>
  <testcase name="test1" time="0.0" classname="retry_fail_cases.TestNGRetryFailDemo">
    <ignored/>
  </testcase> <!-- test1 -->
</testsuite> <!-- Default test(failed) -->
