<?xml version="1.0" encoding="UTF-8"?>
<!-- Generated by org.testng.reporters.JUnitXMLReporter -->
<testsuite hostname="Lu-CDZ6152" ignored="0" name="Test" tests="5" failures="0" timestamp="13 May 2019 05:13:01 GMT" time="0.043" errors="0">
  <testcase name="test1" time="0.008" classname="grouping.TestNGGroupDemo"/>
  <testcase name="test2" time="0.001" classname="grouping.TestNGGroupDemo"/>
  <testcase name="test3" time="0.001" classname="grouping.TestNGGroupDemo"/>
  <testcase name="test4" time="0.001" classname="grouping.TestNGGroupDemo"/>
  <testcase name="test5" time="0.001" classname="grouping.TestNGGroupDemo"/>
</testsuite> <!-- Test -->
