<?xml version="1.0" encoding="UTF-8"?>
<testng-results skipped="0" failed="0" ignored="0" total="2" passed="2">
  <reporter-output>
  </reporter-output>
  <suite name="Suite" duration-ms="21255" started-at="2021-01-06T07:06:57Z" finished-at="2021-01-06T07:07:18Z">
    <groups>
    </groups>
    <test name="Test_Chrome" duration-ms="11880" started-at="2021-01-06T07:06:57Z" finished-at="2021-01-06T07:07:09Z">
      <class name="multiple_browser.TestNGMultipleBrowserDemo">
        <test-method status="PASS" signature="setUp(java.lang.String)[pri:0, instance:multiple_browser.TestNGMultipleBrowserDemo@4524411f]" name="setUp" is-config="true" duration-ms="5340" started-at="2021-01-06T07:06:57Z" finished-at="2021-01-06T07:07:02Z">
          <params>
            <param index="0">
              <value>
                <![CDATA[chrome]]>
              </value>
            </param>
          </params>
          <reporter-output>
          </reporter-output>
        </test-method> <!-- setUp -->
        <test-method status="PASS" signature="test()[pri:0, instance:multiple_browser.TestNGMultipleBrowserDemo@4524411f]" name="test" duration-ms="5959" started-at="2021-01-06T07:07:02Z" finished-at="2021-01-06T07:07:08Z">
          <reporter-output>
          </reporter-output>
        </test-method> <!-- test -->
        <test-method status="PASS" signature="tearDown()[pri:0, instance:multiple_browser.TestNGMultipleBrowserDemo@4524411f]" name="tearDown" is-config="true" duration-ms="540" started-at="2021-01-06T07:07:08Z" finished-at="2021-01-06T07:07:09Z">
          <reporter-output>
          </reporter-output>
        </test-method> <!-- tearDown -->
      </class> <!-- multiple_browser.TestNGMultipleBrowserDemo -->
    </test> <!-- Test_Chrome -->
    <test name="Test_Firefox" duration-ms="21255" started-at="2021-01-06T07:06:57Z" finished-at="2021-01-06T07:07:18Z">
      <class name="multiple_browser.TestNGMultipleBrowserDemo">
        <test-method status="PASS" signature="setUp(java.lang.String)[pri:0, instance:multiple_browser.TestNGMultipleBrowserDemo@4fcd19b3]" name="setUp" is-config="true" duration-ms="11905" started-at="2021-01-06T07:06:57Z" finished-at="2021-01-06T07:07:09Z">
          <params>
            <param index="0">
              <value>
                <![CDATA[firefox]]>
              </value>
            </param>
          </params>
          <reporter-output>
          </reporter-output>
        </test-method> <!-- setUp -->
        <test-method status="PASS" signature="test()[pri:0, instance:multiple_browser.TestNGMultipleBrowserDemo@4fcd19b3]" name="test" duration-ms="6867" started-at="2021-01-06T07:07:09Z" finished-at="2021-01-06T07:07:15Z">
          <reporter-output>
          </reporter-output>
        </test-method> <!-- test -->
        <test-method status="PASS" signature="tearDown()[pri:0, instance:multiple_browser.TestNGMultipleBrowserDemo@4fcd19b3]" name="tearDown" is-config="true" duration-ms="2476" started-at="2021-01-06T07:07:15Z" finished-at="2021-01-06T07:07:18Z">
          <reporter-output>
          </reporter-output>
        </test-method> <!-- tearDown -->
      </class> <!-- multiple_browser.TestNGMultipleBrowserDemo -->
    </test> <!-- Test_Firefox -->
  </suite> <!-- Suite -->
</testng-results>
